ISim log file
Running: C:\FPGAPrj\PIPELINE\PARSER_isim_beh.exe -intstyle ise -gui -tclbatch isim.cmd -wdb C:/FPGAPrj/PIPELINE/PARSER_isim_beh.wdb 
ISim P.20131013 (signature 0x7708f090)
This is a Full version of ISim.
Time resolution is 1 ps
# onerror resume
# wave add /
# run 1000 ns
Simulator is doing circuit initialization process.
Finished circuit initialization process.
# restart
# isim force add /parser/clk 0 -radix bin -value 1 -radix bin -time 500 ns -repeat 1 us
# run 1.00us
Simulator is doing circuit initialization process.
Finished circuit initialization process.
# isim force add /parser/rst 1 -radix bin
# run 1.00us
# isim force add /parser/rst 0 -radix bin
# run 1.00us
# run 1.00us
# run 1.00us
# run 1.00us
# run 1.00us
# run 1.00us
# run 1.00us
# run 1.00us
# run 1.00us
